C:\USERS\TIM\DOCUMENTS\GITHUB\RANDOMRESFULSERVICES\RANDOMRESTFULSERVICES2010\DEBUG\RANDOMRESTFULSERVICES2010.DLL
C:\Users\Tim\Documents\Github\RandomResfulServices\RandomRestfulServices2010\Debug\RandomRestfulServices2010.exp
C:\USERS\TIM\DOCUMENTS\GITHUB\RANDOMRESFULSERVICES\RANDOMRESTFULSERVICES2010\DEBUG\RANDOMRESTFULSERVICES2010.ILK
C:\Users\Tim\Documents\Github\RandomResfulServices\RandomRestfulServices2010\Debug\RandomRestfulServices2010.lib
C:\USERS\TIM\DOCUMENTS\GITHUB\RANDOMRESFULSERVICES\RANDOMRESTFULSERVICES2010\DEBUG\RANDOMRESTFULSERVICES2010.PDB
C:\USERS\TIM\DOCUMENTS\GITHUB\RANDOMRESFULSERVICES\RANDOMRESTFULSERVICES2010\DEBUG\RANDOMRESTFULSERVICES2010.XML
C:\USERS\TIM\DOCUMENTS\GITHUB\RANDOMRESFULSERVICES\RANDOMRESTFULSERVICES2010\RANDOMRESTFULSERVICES2010\DEBUG\.NETFRAMEWORK,VERSION=V4.0.ASSEMBLYATTRIBUTES.OBJ
C:\USERS\TIM\DOCUMENTS\GITHUB\RANDOMRESFULSERVICES\RANDOMRESTFULSERVICES2010\RANDOMRESTFULSERVICES2010\DEBUG\.NETFRAMEWORK,VERSION=V4.0.ASSEMBLYATTRIBUTES.XDC
C:\USERS\TIM\DOCUMENTS\GITHUB\RANDOMRESFULSERVICES\RANDOMRESTFULSERVICES2010\RANDOMRESTFULSERVICES2010\DEBUG\APP.RES
C:\USERS\TIM\DOCUMENTS\GITHUB\RANDOMRESFULSERVICES\RANDOMRESTFULSERVICES2010\RANDOMRESTFULSERVICES2010\DEBUG\ASSEMBLYINFO.OBJ
C:\USERS\TIM\DOCUMENTS\GITHUB\RANDOMRESFULSERVICES\RANDOMRESTFULSERVICES2010\RANDOMRESTFULSERVICES2010\DEBUG\ASSEMBLYINFO.XDC
C:\USERS\TIM\DOCUMENTS\GITHUB\RANDOMRESFULSERVICES\RANDOMRESTFULSERVICES2010\RANDOMRESTFULSERVICES2010\DEBUG\BACONIPSUM.OBJ
C:\USERS\TIM\DOCUMENTS\GITHUB\RANDOMRESFULSERVICES\RANDOMRESTFULSERVICES2010\RANDOMRESTFULSERVICES2010\DEBUG\BACONIPSUM.XDC
C:\USERS\TIM\DOCUMENTS\GITHUB\RANDOMRESFULSERVICES\RANDOMRESTFULSERVICES2010\RANDOMRESTFULSERVICES2010\DEBUG\BACONIPSUMMETHODS.OBJ
C:\USERS\TIM\DOCUMENTS\GITHUB\RANDOMRESFULSERVICES\RANDOMRESTFULSERVICES2010\RANDOMRESTFULSERVICES2010\DEBUG\BACONIPSUMMETHODS.XDC
C:\Users\Tim\Documents\Github\RandomResfulServices\RandomRestfulServices2010\RandomRestfulServices2010\Debug\cl.command.1.tlog
C:\Users\Tim\Documents\Github\RandomResfulServices\RandomRestfulServices2010\RandomRestfulServices2010\Debug\CL.read.1.tlog
C:\Users\Tim\Documents\Github\RandomResfulServices\RandomRestfulServices2010\RandomRestfulServices2010\Debug\CL.write.1.tlog
C:\USERS\TIM\DOCUMENTS\GITHUB\RANDOMRESFULSERVICES\RANDOMRESTFULSERVICES2010\RANDOMRESTFULSERVICES2010\DEBUG\EARTHQUAKEPREDICTION.OBJ
C:\USERS\TIM\DOCUMENTS\GITHUB\RANDOMRESFULSERVICES\RANDOMRESTFULSERVICES2010\RANDOMRESTFULSERVICES2010\DEBUG\EARTHQUAKEPREDICTION.XDC
C:\USERS\TIM\DOCUMENTS\GITHUB\RANDOMRESFULSERVICES\RANDOMRESTFULSERVICES2010\RANDOMRESTFULSERVICES2010\DEBUG\EARTHQUAKEPREDICTIONMETHODS.OBJ
C:\USERS\TIM\DOCUMENTS\GITHUB\RANDOMRESFULSERVICES\RANDOMRESTFULSERVICES2010\RANDOMRESTFULSERVICES2010\DEBUG\EARTHQUAKEPREDICTIONMETHODS.XDC
C:\USERS\TIM\DOCUMENTS\GITHUB\RANDOMRESFULSERVICES\RANDOMRESTFULSERVICES2010\RANDOMRESTFULSERVICES2010\DEBUG\GEOLOCATION.OBJ
C:\USERS\TIM\DOCUMENTS\GITHUB\RANDOMRESFULSERVICES\RANDOMRESTFULSERVICES2010\RANDOMRESTFULSERVICES2010\DEBUG\GEOLOCATION.XDC
C:\USERS\TIM\DOCUMENTS\GITHUB\RANDOMRESFULSERVICES\RANDOMRESTFULSERVICES2010\RANDOMRESTFULSERVICES2010\DEBUG\GEOLOCATIONINFORMATION.OBJ
C:\USERS\TIM\DOCUMENTS\GITHUB\RANDOMRESFULSERVICES\RANDOMRESTFULSERVICES2010\RANDOMRESTFULSERVICES2010\DEBUG\GEOLOCATIONINFORMATION.XDC
C:\USERS\TIM\DOCUMENTS\GITHUB\RANDOMRESFULSERVICES\RANDOMRESTFULSERVICES2010\RANDOMRESTFULSERVICES2010\DEBUG\GEOLOCATIONMETHODS.OBJ
C:\USERS\TIM\DOCUMENTS\GITHUB\RANDOMRESFULSERVICES\RANDOMRESTFULSERVICES2010\RANDOMRESTFULSERVICES2010\DEBUG\GEOLOCATIONMETHODS.XDC
C:\Users\Tim\Documents\Github\RandomResfulServices\RandomRestfulServices2010\RandomRestfulServices2010\Debug\link.5024.read.1.tlog
C:\Users\Tim\Documents\Github\RandomResfulServices\RandomRestfulServices2010\RandomRestfulServices2010\Debug\link.5024.write.1.tlog
C:\Users\Tim\Documents\Github\RandomResfulServices\RandomRestfulServices2010\RandomRestfulServices2010\Debug\link.5024-cvtres.read.1.tlog
C:\Users\Tim\Documents\Github\RandomResfulServices\RandomRestfulServices2010\RandomRestfulServices2010\Debug\link.5024-cvtres.write.1.tlog
C:\Users\Tim\Documents\Github\RandomResfulServices\RandomRestfulServices2010\RandomRestfulServices2010\Debug\link.command.1.tlog
C:\Users\Tim\Documents\Github\RandomResfulServices\RandomRestfulServices2010\RandomRestfulServices2010\Debug\link.read.1.tlog
C:\Users\Tim\Documents\Github\RandomResfulServices\RandomRestfulServices2010\RandomRestfulServices2010\Debug\link.write.1.tlog
C:\Users\Tim\Documents\Github\RandomResfulServices\RandomRestfulServices2010\RandomRestfulServices2010\Debug\mt.command.1.tlog
C:\Users\Tim\Documents\Github\RandomResfulServices\RandomRestfulServices2010\RandomRestfulServices2010\Debug\mt.read.1.tlog
C:\Users\Tim\Documents\Github\RandomResfulServices\RandomRestfulServices2010\RandomRestfulServices2010\Debug\mt.write.1.tlog
C:\USERS\TIM\DOCUMENTS\GITHUB\RANDOMRESFULSERVICES\RANDOMRESTFULSERVICES2010\RANDOMRESTFULSERVICES2010\DEBUG\RANDOMRESTFULSERVICES2010.DLL.INTERMEDIATE.MANIFEST
C:\USERS\TIM\DOCUMENTS\GITHUB\RANDOMRESFULSERVICES\RANDOMRESTFULSERVICES2010\RANDOMRESTFULSERVICES2010\DEBUG\RANDOMRESTFULSERVICES2010.OBJ
C:\USERS\TIM\DOCUMENTS\GITHUB\RANDOMRESFULSERVICES\RANDOMRESTFULSERVICES2010\RANDOMRESTFULSERVICES2010\DEBUG\RANDOMRESTFULSERVICES2010.PCH
C:\Users\Tim\Documents\Github\RandomResfulServices\RandomRestfulServices2010\RandomRestfulServices2010\Debug\RandomRestfulServices2010.write.1.tlog
C:\USERS\TIM\DOCUMENTS\GITHUB\RANDOMRESFULSERVICES\RANDOMRESTFULSERVICES2010\RANDOMRESTFULSERVICES2010\DEBUG\RANDOMRESTFULSERVICES2010.XDC
C:\Users\Tim\Documents\Github\RandomResfulServices\RandomRestfulServices2010\RandomRestfulServices2010\Debug\rc.command.1.tlog
C:\Users\Tim\Documents\Github\RandomResfulServices\RandomRestfulServices2010\RandomRestfulServices2010\Debug\rc.read.1.tlog
C:\Users\Tim\Documents\Github\RandomResfulServices\RandomRestfulServices2010\RandomRestfulServices2010\Debug\rc.write.1.tlog
C:\USERS\TIM\DOCUMENTS\GITHUB\RANDOMRESFULSERVICES\RANDOMRESTFULSERVICES2010\RANDOMRESTFULSERVICES2010\DEBUG\STDAFX.OBJ
C:\USERS\TIM\DOCUMENTS\GITHUB\RANDOMRESFULSERVICES\RANDOMRESTFULSERVICES2010\RANDOMRESTFULSERVICES2010\DEBUG\STDAFX.XDC
C:\USERS\TIM\DOCUMENTS\GITHUB\RANDOMRESFULSERVICES\RANDOMRESTFULSERVICES2010\RANDOMRESTFULSERVICES2010\DEBUG\VC100.PDB
C:\Users\Tim\Documents\Github\RandomResfulServices\RandomRestfulServices2010\RandomRestfulServices2010\Debug\XDCMake.command.1.tlog
C:\Users\Tim\Documents\Github\RandomResfulServices\RandomRestfulServices2010\RandomRestfulServices2010\Debug\xdcmake.read.1.tlog
C:\Users\Tim\Documents\Github\RandomResfulServices\RandomRestfulServices2010\RandomRestfulServices2010\Debug\xdcmake.write.1.tlog
